{"C:\\kaizen-clicker\\src\\engine\\constants.ts": {"path":"C:\\kaizen-clicker\\src\\engine\\constants.ts","statementMap":{"0":{"start":{"line":3,"column":49},"end":{"line":46,"column":null}},"1":{"start":{"line":48,"column":29},"end":{"line":52,"column":null}}},"fnMap":{},"branchMap":{},"s":{"0":1,"1":1},"f":{},"b":{},"meta":{"lastBranch":0,"lastFunction":0,"lastStatement":2,"seen":{"s:3:49:46:Infinity":0,"s:48:29:52:Infinity":1},"fnNames":{}}}
,"C:\\kaizen-clicker\\src\\engine\\core.ts": {"path":"C:\\kaizen-clicker\\src\\engine\\core.ts","statementMap":{"0":{"start":{"line":4,"column":13},"end":{"line":19,"column":null}},"1":{"start":{"line":4,"column":52},"end":{"line":19,"column":null}},"2":{"start":{"line":21,"column":13},"end":{"line":26,"column":null}},"3":{"start":{"line":22,"column":18},"end":{"line":22,"column":null}},"4":{"start":{"line":23,"column":2},"end":{"line":23,"column":null}},"5":{"start":{"line":23,"column":16},"end":{"line":23,"column":null}},"6":{"start":{"line":25,"column":2},"end":{"line":25,"column":null}},"7":{"start":{"line":28,"column":13},"end":{"line":67,"column":null}},"8":{"start":{"line":29,"column":14},"end":{"line":29,"column":null}},"9":{"start":{"line":30,"column":19},"end":{"line":30,"column":null}},"10":{"start":{"line":31,"column":12},"end":{"line":31,"column":null}},"11":{"start":{"line":32,"column":24},"end":{"line":32,"column":null}},"12":{"start":{"line":35,"column":18},"end":{"line":35,"column":null}},"13":{"start":{"line":36,"column":2},"end":{"line":36,"column":null}},"14":{"start":{"line":37,"column":2},"end":{"line":37,"column":null}},"15":{"start":{"line":40,"column":22},"end":{"line":40,"column":null}},"16":{"start":{"line":41,"column":2},"end":{"line":41,"column":null}},"17":{"start":{"line":44,"column":24},"end":{"line":44,"column":null}},"18":{"start":{"line":45,"column":2},"end":{"line":45,"column":null}},"19":{"start":{"line":48,"column":19},"end":{"line":48,"column":null}},"20":{"start":{"line":49,"column":2},"end":{"line":49,"column":null}},"21":{"start":{"line":50,"column":2},"end":{"line":50,"column":null}},"22":{"start":{"line":53,"column":21},"end":{"line":53,"column":null}},"23":{"start":{"line":54,"column":2},"end":{"line":56,"column":null}},"24":{"start":{"line":55,"column":4},"end":{"line":55,"column":null}},"25":{"start":{"line":59,"column":24},"end":{"line":59,"column":null}},"26":{"start":{"line":60,"column":2},"end":{"line":60,"column":null}},"27":{"start":{"line":63,"column":2},"end":{"line":63,"column":null}},"28":{"start":{"line":63,"column":22},"end":{"line":63,"column":null}},"29":{"start":{"line":64,"column":2},"end":{"line":64,"column":null}},"30":{"start":{"line":64,"column":15},"end":{"line":64,"column":null}},"31":{"start":{"line":66,"column":2},"end":{"line":66,"column":null}},"32":{"start":{"line":69,"column":13},"end":{"line":91,"column":null}},"33":{"start":{"line":70,"column":18},"end":{"line":70,"column":null}},"34":{"start":{"line":71,"column":2},"end":{"line":71,"column":null}},"35":{"start":{"line":71,"column":16},"end":{"line":71,"column":null}},"36":{"start":{"line":73,"column":27},"end":{"line":73,"column":null}},"37":{"start":{"line":74,"column":2},"end":{"line":76,"column":null}},"38":{"start":{"line":75,"column":4},"end":{"line":75,"column":null}},"39":{"start":{"line":78,"column":15},"end":{"line":78,"column":null}},"40":{"start":{"line":79,"column":2},"end":{"line":81,"column":null}},"41":{"start":{"line":80,"column":4},"end":{"line":80,"column":null}},"42":{"start":{"line":83,"column":2},"end":{"line":90,"column":null}},"43":{"start":{"line":93,"column":13},"end":{"line":125,"column":null}},"44":{"start":{"line":96,"column":23},"end":{"line":96,"column":null}},"45":{"start":{"line":98,"column":2},"end":{"line":100,"column":null}},"46":{"start":{"line":99,"column":4},"end":{"line":99,"column":null}},"47":{"start":{"line":102,"column":16},"end":{"line":102,"column":null}},"48":{"start":{"line":106,"column":29},"end":{"line":106,"column":null}},"49":{"start":{"line":112,"column":24},"end":{"line":112,"column":null}},"50":{"start":{"line":114,"column":25},"end":{"line":114,"column":null}},"51":{"start":{"line":115,"column":20},"end":{"line":115,"column":null}},"52":{"start":{"line":117,"column":2},"end":{"line":124,"column":null}},"53":{"start":{"line":127,"column":13},"end":{"line":139,"column":null}},"54":{"start":{"line":128,"column":16},"end":{"line":128,"column":null}},"55":{"start":{"line":130,"column":19},"end":{"line":130,"column":null}},"56":{"start":{"line":132,"column":2},"end":{"line":138,"column":null}}},"fnMap":{"0":{"name":"(anonymous_0)","decl":{"start":{"line":4,"column":13},"end":{"line":4,"column":52}},"loc":{"start":{"line":4,"column":52},"end":{"line":19,"column":null}},"line":4},"1":{"name":"(anonymous_1)","decl":{"start":{"line":21,"column":13},"end":{"line":21,"column":37}},"loc":{"start":{"line":21,"column":96},"end":{"line":26,"column":null}},"line":21},"2":{"name":"(anonymous_2)","decl":{"start":{"line":28,"column":13},"end":{"line":28,"column":38}},"loc":{"start":{"line":28,"column":88},"end":{"line":67,"column":null}},"line":28},"3":{"name":"(anonymous_3)","decl":{"start":{"line":69,"column":13},"end":{"line":69,"column":27}},"loc":{"start":{"line":69,"column":81},"end":{"line":91,"column":null}},"line":69},"4":{"name":"(anonymous_4)","decl":{"start":{"line":93,"column":13},"end":{"line":93,"column":28}},"loc":{"start":{"line":93,"column":86},"end":{"line":125,"column":null}},"line":93},"5":{"name":"(anonymous_5)","decl":{"start":{"line":127,"column":13},"end":{"line":127,"column":29}},"loc":{"start":{"line":127,"column":61},"end":{"line":139,"column":null}},"line":127}},"branchMap":{"0":{"loc":{"start":{"line":23,"column":2},"end":{"line":23,"column":null}},"type":"if","locations":[{"start":{"line":23,"column":2},"end":{"line":23,"column":null}},{"start":{},"end":{}}],"line":23},"1":{"loc":{"start":{"line":35,"column":18},"end":{"line":35,"column":null}},"type":"binary-expr","locations":[{"start":{"line":35,"column":18},"end":{"line":35,"column":36}},{"start":{"line":35,"column":36},"end":{"line":35,"column":null}}],"line":35},"2":{"loc":{"start":{"line":40,"column":22},"end":{"line":40,"column":null}},"type":"binary-expr","locations":[{"start":{"line":40,"column":22},"end":{"line":40,"column":44}},{"start":{"line":40,"column":44},"end":{"line":40,"column":null}}],"line":40},"3":{"loc":{"start":{"line":44,"column":24},"end":{"line":44,"column":null}},"type":"binary-expr","locations":[{"start":{"line":44,"column":24},"end":{"line":44,"column":48}},{"start":{"line":44,"column":48},"end":{"line":44,"column":null}}],"line":44},"4":{"loc":{"start":{"line":48,"column":19},"end":{"line":48,"column":null}},"type":"binary-expr","locations":[{"start":{"line":48,"column":19},"end":{"line":48,"column":38}},{"start":{"line":48,"column":38},"end":{"line":48,"column":null}}],"line":48},"5":{"loc":{"start":{"line":53,"column":21},"end":{"line":53,"column":null}},"type":"binary-expr","locations":[{"start":{"line":53,"column":21},"end":{"line":53,"column":42}},{"start":{"line":53,"column":42},"end":{"line":53,"column":null}}],"line":53},"6":{"loc":{"start":{"line":54,"column":2},"end":{"line":56,"column":null}},"type":"if","locations":[{"start":{"line":54,"column":2},"end":{"line":56,"column":null}},{"start":{},"end":{}}],"line":54},"7":{"loc":{"start":{"line":59,"column":24},"end":{"line":59,"column":null}},"type":"binary-expr","locations":[{"start":{"line":59,"column":24},"end":{"line":59,"column":48}},{"start":{"line":59,"column":48},"end":{"line":59,"column":null}}],"line":59},"8":{"loc":{"start":{"line":63,"column":2},"end":{"line":63,"column":null}},"type":"if","locations":[{"start":{"line":63,"column":2},"end":{"line":63,"column":null}},{"start":{},"end":{}}],"line":63},"9":{"loc":{"start":{"line":64,"column":2},"end":{"line":64,"column":null}},"type":"if","locations":[{"start":{"line":64,"column":2},"end":{"line":64,"column":null}},{"start":{},"end":{}}],"line":64},"10":{"loc":{"start":{"line":71,"column":2},"end":{"line":71,"column":null}},"type":"if","locations":[{"start":{"line":71,"column":2},"end":{"line":71,"column":null}},{"start":{},"end":{}}],"line":71},"11":{"loc":{"start":{"line":73,"column":27},"end":{"line":73,"column":null}},"type":"binary-expr","locations":[{"start":{"line":73,"column":27},"end":{"line":73,"column":56}},{"start":{"line":73,"column":56},"end":{"line":73,"column":null}}],"line":73},"12":{"loc":{"start":{"line":74,"column":2},"end":{"line":76,"column":null}},"type":"if","locations":[{"start":{"line":74,"column":2},"end":{"line":76,"column":null}},{"start":{},"end":{}}],"line":74},"13":{"loc":{"start":{"line":79,"column":2},"end":{"line":81,"column":null}},"type":"if","locations":[{"start":{"line":79,"column":2},"end":{"line":81,"column":null}},{"start":{},"end":{}}],"line":79},"14":{"loc":{"start":{"line":98,"column":2},"end":{"line":100,"column":null}},"type":"if","locations":[{"start":{"line":98,"column":2},"end":{"line":100,"column":null}},{"start":{},"end":{}}],"line":98},"15":{"loc":{"start":{"line":135,"column":44},"end":{"line":135,"column":null}},"type":"cond-expr","locations":[{"start":{"line":135,"column":55},"end":{"line":135,"column":59}},{"start":{"line":135,"column":59},"end":{"line":135,"column":null}}],"line":135},"16":{"loc":{"start":{"line":136,"column":34},"end":{"line":136,"column":null}},"type":"cond-expr","locations":[{"start":{"line":136,"column":45},"end":{"line":136,"column":49}},{"start":{"line":136,"column":49},"end":{"line":136,"column":null}}],"line":136},"17":{"loc":{"start":{"line":137,"column":28},"end":{"line":137,"column":null}},"type":"cond-expr","locations":[{"start":{"line":137,"column":39},"end":{"line":137,"column":43}},{"start":{"line":137,"column":43},"end":{"line":137,"column":null}}],"line":137}},"s":{"0":1,"1":14,"2":1,"3":6,"4":6,"5":1,"6":5,"7":1,"8":6,"9":6,"10":6,"11":6,"12":6,"13":6,"14":6,"15":6,"16":6,"17":6,"18":6,"19":6,"20":6,"21":6,"22":6,"23":6,"24":1,"25":6,"26":6,"27":6,"28":1,"29":6,"30":0,"31":6,"32":1,"33":4,"34":4,"35":1,"36":3,"37":4,"38":1,"39":2,"40":2,"41":1,"42":1,"43":1,"44":3,"45":3,"46":1,"47":2,"48":2,"49":2,"50":2,"51":2,"52":2,"53":1,"54":0,"55":0,"56":0},"f":{"0":14,"1":6,"2":6,"3":4,"4":3,"5":0},"b":{"0":[1,5],"1":[6,4],"2":[6,6],"3":[6,5],"4":[6,6],"5":[6,5],"6":[1,5],"7":[6,6],"8":[1,5],"9":[0,6],"10":[1,3],"11":[3,2],"12":[1,3],"13":[1,1],"14":[1,2],"15":[0,0],"16":[0,0],"17":[0,0]},"meta":{"lastBranch":18,"lastFunction":6,"lastStatement":57,"seen":{"s:4:13:19:Infinity":0,"f:4:13:4:52":0,"s:4:52:19:Infinity":1,"s:21:13:26:Infinity":2,"f:21:13:21:37":1,"s:22:18:22:Infinity":3,"b:23:2:23:Infinity:undefined:undefined:undefined:undefined":0,"s:23:2:23:Infinity":4,"s:23:16:23:Infinity":5,"s:25:2:25:Infinity":6,"s:28:13:67:Infinity":7,"f:28:13:28:38":2,"s:29:14:29:Infinity":8,"s:30:19:30:Infinity":9,"s:31:12:31:Infinity":10,"s:32:24:32:Infinity":11,"s:35:18:35:Infinity":12,"b:35:18:35:36:35:36:35:Infinity":1,"s:36:2:36:Infinity":13,"s:37:2:37:Infinity":14,"s:40:22:40:Infinity":15,"b:40:22:40:44:40:44:40:Infinity":2,"s:41:2:41:Infinity":16,"s:44:24:44:Infinity":17,"b:44:24:44:48:44:48:44:Infinity":3,"s:45:2:45:Infinity":18,"s:48:19:48:Infinity":19,"b:48:19:48:38:48:38:48:Infinity":4,"s:49:2:49:Infinity":20,"s:50:2:50:Infinity":21,"s:53:21:53:Infinity":22,"b:53:21:53:42:53:42:53:Infinity":5,"b:54:2:56:Infinity:undefined:undefined:undefined:undefined":6,"s:54:2:56:Infinity":23,"s:55:4:55:Infinity":24,"s:59:24:59:Infinity":25,"b:59:24:59:48:59:48:59:Infinity":7,"s:60:2:60:Infinity":26,"b:63:2:63:Infinity:undefined:undefined:undefined:undefined":8,"s:63:2:63:Infinity":27,"s:63:22:63:Infinity":28,"b:64:2:64:Infinity:undefined:undefined:undefined:undefined":9,"s:64:2:64:Infinity":29,"s:64:15:64:Infinity":30,"s:66:2:66:Infinity":31,"s:69:13:91:Infinity":32,"f:69:13:69:27":3,"s:70:18:70:Infinity":33,"b:71:2:71:Infinity:undefined:undefined:undefined:undefined":10,"s:71:2:71:Infinity":34,"s:71:16:71:Infinity":35,"s:73:27:73:Infinity":36,"b:73:27:73:56:73:56:73:Infinity":11,"b:74:2:76:Infinity:undefined:undefined:undefined:undefined":12,"s:74:2:76:Infinity":37,"s:75:4:75:Infinity":38,"s:78:15:78:Infinity":39,"b:79:2:81:Infinity:undefined:undefined:undefined:undefined":13,"s:79:2:81:Infinity":40,"s:80:4:80:Infinity":41,"s:83:2:90:Infinity":42,"s:93:13:125:Infinity":43,"f:93:13:93:28":4,"s:96:23:96:Infinity":44,"b:98:2:100:Infinity:undefined:undefined:undefined:undefined":14,"s:98:2:100:Infinity":45,"s:99:4:99:Infinity":46,"s:102:16:102:Infinity":47,"s:106:29:106:Infinity":48,"s:112:24:112:Infinity":49,"s:114:25:114:Infinity":50,"s:115:20:115:Infinity":51,"s:117:2:124:Infinity":52,"s:127:13:139:Infinity":53,"f:127:13:127:29":5,"s:128:16:128:Infinity":54,"s:130:19:130:Infinity":55,"s:132:2:138:Infinity":56,"b:135:55:135:59:135:59:135:Infinity":15,"b:136:45:136:49:136:49:136:Infinity":16,"b:137:39:137:43:137:43:137:Infinity":17},"fnNames":{}}}
,"C:\\kaizen-clicker\\src\\engine\\types.ts": {"path":"C:\\kaizen-clicker\\src\\engine\\types.ts","statementMap":{},"fnMap":{},"branchMap":{},"s":{},"f":{},"b":{},"meta":{"lastBranch":0,"lastFunction":0,"lastStatement":0,"seen":{},"fnNames":{}}}
}
